生成启动时间为 2013/2/22 9:06:22。
     1>项目“C:\Users\XQY\documents\visual studio 2012\Projects\Toad\TEST\TEST.vcxproj”在节点 2 上(Build 个目标)。
     1>ClCompile:
         D:\Microsoft Visual Studio 11.0\VC\bin\CL.exe /c /Zi /nologo /W3 /WX- /O2 /Oi /Oy- /GL /D WIN32 /D NDEBUG /D _WINDOWS /D _USRDLL /D TEST_EXPORTS /D _WINDLL /D _UNICODE /D UNICODE /Gm- /EHsc /MD /GS /Gy /fp:precise /Zc:wchar_t /Zc:forScope /Fo"Release\\" /Fd"Release\vc110.pdb" /Gd /TC /analyze- /errorReport:prompt test.c
         test.c
     1>c:\users\xqy\documents\visual studio 2012\projects\toad\toadsamp\a_samp.h(56): warning C4391: “float asin(float)”: 不正确的内部函数返回类型，应为“double”
     1>c:\users\xqy\documents\visual studio 2012\projects\toad\toadsamp\a_samp.h(57): warning C4391: “float acos(float)”: 不正确的内部函数返回类型，应为“double”
     1>c:\users\xqy\documents\visual studio 2012\projects\toad\toadsamp\a_samp.h(58): warning C4391: “float atan(float)”: 不正确的内部函数返回类型，应为“double”
     1>c:\users\xqy\documents\visual studio 2012\projects\toad\toadsamp\a_samp.h(59): warning C4391: “float atan2(float,float)”: 不正确的内部函数返回类型，应为“double”
       Link:
         D:\Microsoft Visual Studio 11.0\VC\bin\link.exe /ERRORREPORT:PROMPT /OUT:"C:\Users\XQY\documents\visual studio 2012\Projects\Toad\Release\TEST.dll" /INCREMENTAL:NO /NOLOGO kernel32.lib user32.lib gdi32.lib winspool.lib comdlg32.lib advapi32.lib shell32.lib ole32.lib oleaut32.lib uuid.lib odbc32.lib odbccp32.lib /DEF:"../ToadSAMP/ToadSAMP.def" /MANIFEST /MANIFESTUAC:"level='asInvoker' uiAccess='false'" /manifest:embed /DEBUG /PDB:"C:\Users\XQY\documents\visual studio 2012\Projects\Toad\Release\TEST.pdb" /SUBSYSTEM:WINDOWS /OPT:REF /OPT:ICF /LTCG /TLBID:1 /DYNAMICBASE /NXCOMPAT /IMPLIB:"C:\Users\XQY\documents\visual studio 2012\Projects\Toad\Release\TEST.lib" /MACHINE:X86 /SAFESEH /DLL Release\test.obj
         "C:\Users\XQY\documents\visual studio 2012\Projects\Toad\Release\ToadAMX.lib"
         "C:\Users\XQY\documents\visual studio 2012\Projects\Toad\Release\ToadSAMP.lib"
     1>ToadSAMP.def : error LNK2001: 无法解析的外部符号 AmxLoad
     1>ToadSAMP.def : error LNK2001: 无法解析的外部符号 AmxUnload
     1>ToadSAMP.def : error LNK2001: 无法解析的外部符号 Load
     1>ToadSAMP.def : error LNK2001: 无法解析的外部符号 ProcessTick
     1>ToadSAMP.def : error LNK2001: 无法解析的外部符号 Supports
     1>ToadSAMP.def : error LNK2001: 无法解析的外部符号 Unload
     1>C:\Users\XQY\documents\visual studio 2012\Projects\Toad\Release\TEST.lib : fatal error LNK1120: 6 个无法解析的外部命令
     1>已完成生成项目“C:\Users\XQY\documents\visual studio 2012\Projects\Toad\TEST\TEST.vcxproj”(Build 个目标)的操作 - 失败。

生成失败。

已用时间 00:00:00.43
