生成启动时间为 2013/2/25 11:47:57。
     1>项目“D:\Github-Syn\Toad\Toad\TEST\TEST.vcxproj”在节点 2 上(Build 个目标)。
     1>Link:
         D:\Microsoft Visual Studio 11.0\VC\bin\link.exe /ERRORREPORT:PROMPT /OUT:"D:\Github-Syn\Toad\Toad\Debug\TEST.dll" /INCREMENTAL /NOLOGO kernel32.lib user32.lib gdi32.lib winspool.lib comdlg32.lib advapi32.lib shell32.lib ole32.lib oleaut32.lib uuid.lib odbc32.lib odbccp32.lib /DEF:"../ToadSAMP/ToadSAMP.def" /MANIFEST /MANIFESTUAC:"level='asInvoker' uiAccess='false'" /manifest:embed /DEBUG /PDB:"D:\Github-Syn\Toad\Toad\Debug\TEST.pdb" /SUBSYSTEM:WINDOWS /TLBID:1 /DYNAMICBASE /NXCOMPAT /IMPLIB:"D:\Github-Syn\Toad\Toad\Debug\TEST.lib" /MACHINE:X86 /DLL Debug\test.obj
         "D:\Github-Syn\Toad\Toad\Debug\ToadAMX.lib"
         "D:\Github-Syn\Toad\Toad\Debug\ToadSAMP.lib"
            正在创建库 D:\Github-Syn\Toad\Toad\Debug\TEST.lib 和对象 D:\Github-Syn\Toad\Toad\Debug\TEST.exp
     1>ToadSAMP.lib(ToadCallbacks.obj) : error LNK2019: 无法解析的外部符号 _OnNPCDisconnect，该符号在函数 _GM_OnNPCDisconnect 中被引用
     1>ToadSAMP.lib(ToadCallbacks.obj) : error LNK2019: 无法解析的外部符号 _OnNPCSpawn，该符号在函数 _GM_OnNPCSpawn 中被引用
     1>ToadSAMP.lib(ToadCallbacks.obj) : error LNK2019: 无法解析的外部符号 _OnNPCDeath，该符号在函数 _GM_OnNPCDeath 中被引用
     1>ToadSAMP.lib(ToadCallbacks.obj) : error LNK2019: 无法解析的外部符号 _OnNPCText，该符号在函数 _GM_OnNPCText 中被引用
     1>ToadSAMP.lib(ToadCallbacks.obj) : error LNK2019: 无法解析的外部符号 _OnNPCEnterVehicle，该符号在函数 _GM_OnNPCEnterVehicle 中被引用
     1>ToadSAMP.lib(ToadCallbacks.obj) : error LNK2019: 无法解析的外部符号 _OnNPCExitVehicle，该符号在函数 _GM_OnNPCExitVehicle 中被引用
     1>ToadSAMP.lib(ToadCallbacks.obj) : error LNK2019: 无法解析的外部符号 _OnNPCStateChange，该符号在函数 _GM_OnNPCStateChange 中被引用
     1>ToadSAMP.lib(ToadCallbacks.obj) : error LNK2019: 无法解析的外部符号 _OnNPCEnterCheckpoint，该符号在函数 _GM_OnNPCEnterCheckpoint 中被引用
     1>ToadSAMP.lib(ToadCallbacks.obj) : error LNK2019: 无法解析的外部符号 _OnNPCLeaveCheckpoint，该符号在函数 _GM_OnNPCLeaveCheckpoint 中被引用
     1>ToadSAMP.lib(ToadCallbacks.obj) : error LNK2019: 无法解析的外部符号 _OnNPCEnterRaceCheckpoint，该符号在函数 _GM_OnNPCEnterRaceCheckpoint 中被引用
     1>ToadSAMP.lib(ToadCallbacks.obj) : error LNK2019: 无法解析的外部符号 _OnNPCLeaveRaceCheckpoint，该符号在函数 _GM_OnNPCLeaveRaceCheckpoint 中被引用
     1>ToadSAMP.lib(ToadCallbacks.obj) : error LNK2019: 无法解析的外部符号 _OnNPCObjectMoved，该符号在函数 _GM_OnNPCObjectMoved 中被引用
     1>ToadSAMP.lib(ToadCallbacks.obj) : error LNK2019: 无法解析的外部符号 _OnNPCPickUpPickup，该符号在函数 _GM_OnNPCPickUpPickup 中被引用
     1>ToadSAMP.lib(ToadCallbacks.obj) : error LNK2019: 无法解析的外部符号 _OnNPCInteriorChange，该符号在函数 _GM_OnNPCInteriorChange 中被引用
     1>ToadSAMP.lib(ToadCallbacks.obj) : error LNK2019: 无法解析的外部符号 _OnNPCUpdate，该符号在函数 _GM_OnNPCUpdate 中被引用
     1>ToadSAMP.lib(ToadCallbacks.obj) : error LNK2019: 无法解析的外部符号 _OnNPCStreamIn，该符号在函数 _GM_OnNPCStreamIn 中被引用
     1>ToadSAMP.lib(ToadCallbacks.obj) : error LNK2019: 无法解析的外部符号 _OnNPCStreamOut，该符号在函数 _GM_OnNPCStreamOut 中被引用
     1>ToadSAMP.lib(ToadCallbacks.obj) : error LNK2019: 无法解析的外部符号 _OnNPCTakeDamage，该符号在函数 _GM_OnNPCTakeDamage 中被引用
     1>ToadSAMP.lib(ToadCallbacks.obj) : error LNK2019: 无法解析的外部符号 _OnNPCGiveDamage，该符号在函数 _GM_OnNPCGiveDamage 中被引用
     1>D:\Github-Syn\Toad\Toad\Debug\TEST.dll : fatal error LNK1120: 19 个无法解析的外部命令
     1>已完成生成项目“D:\Github-Syn\Toad\Toad\TEST\TEST.vcxproj”(Build 个目标)的操作 - 失败。

生成失败。

已用时间 00:00:01.02
